<?xml version="1.0" encoding="UTF-8"?>
<!-- Generated by org.testng.reporters.JUnitReportReporter -->
<testsuite hostname="BAGOWDARA" name="com.gurubank.project.TestNGLogin" tests="4" failures="0" timestamp="23 Feb 2018 10:41:59 GMT" time="152.379" errors="0">
  <testcase name="Login" time="34.950" classname="com.gurubank.project.TestNGLogin"/>
  <testcase name="Login" time="23.375" classname="com.gurubank.project.TestNGLogin"/>
  <testcase name="Login" time="70.144" classname="com.gurubank.project.TestNGLogin"/>
  <testcase name="Login" time="23.910" classname="com.gurubank.project.TestNGLogin"/>
</testsuite> <!-- com.gurubank.project.TestNGLogin -->
